The target system is: Generic - 2.5.99 - posix
The host system is: Linux - 4.4.0-19041-Microsoft - x86_64
Compiling the C compiler identification source file "CMakeCCompilerId.c" succeeded.
Compiler: /usr/bin/gcc 
Build flags: 
Id flags:  

The output was:
0


Compilation of the C compiler identification source "CMakeCCompilerId.c" produced "a.out"

The C compiler identification is GNU, found in "/mnt/c/Users/fplun/GoogleDrive/Schule/2020_21/DIC/DIC-Lezuo/2.Semester-serial_crypto/DIC-serial-crypto-Programm/Programm/build/CMakeFiles/3.16.3/CompilerIdC/a.out"

Compiling the CXX compiler identification source file "CMakeCXXCompilerId.cpp" succeeded.
Compiler: /bin/x86_64-linux-gnu-g++-9 
Build flags: 
Id flags:  

The output was:
0


Compilation of the CXX compiler identification source "CMakeCXXCompilerId.cpp" produced "a.out"

The CXX compiler identification is GNU, found in "/mnt/c/Users/fplun/GoogleDrive/Schule/2020_21/DIC/DIC-Lezuo/2.Semester-serial_crypto/DIC-serial-crypto-Programm/Programm/build/CMakeFiles/3.16.3/CompilerIdCXX/a.out"

Checking whether the ASM compiler is GNU using "--version" matched "(GNU assembler)|(GCC)|(Free Software Foundation)":
gcc (Ubuntu 9.3.0-17ubuntu1~20.04) 9.3.0
Copyright (C) 2019 Free Software Foundation, Inc.
This is free software; see the source for copying conditions.  There is NO
warranty; not even for MERCHANTABILITY or FITNESS FOR A PARTICULAR PURPOSE.

Performing C SOURCE FILE Test check_fmacro_prefix_map__mnt_c_Users_fplun_GoogleDrive_Schule_2020_21_DIC_DIC_Lezuo_2_Semester_serial_crypto_DIC_serial_crypto_Programm_Programm_CMAKE_SOURCE_DIR_C_ succeeded with the following output:
Change Dir: /mnt/c/Users/fplun/GoogleDrive/Schule/2020_21/DIC/DIC-Lezuo/2.Semester-serial_crypto/DIC-serial-crypto-Programm/Programm/build/CMakeFiles/CMakeTmp

Run Build Command(s):/usr/bin/ninja cmTC_376de && [1/2] Building C object CMakeFiles/cmTC_376de.dir/src.c.obj
[2/2] Linking C executable cmTC_376de


Source file was:
int main(void) { return 0; }
