\BOOKMARK [1][-]{section.1}{Information}{}% 1
\BOOKMARK [1][-]{section.2}{Aufgabenstellung}{}% 2
\BOOKMARK [2][-]{subsection.2.1}{Aufgaben und Eigenschaften des Krypto Prozessors}{section.2}% 3
\BOOKMARK [1][-]{section.3}{Theorie und Vorwissen}{}% 4
\BOOKMARK [2][-]{subsection.3.1}{Zephyr}{section.3}% 5
\BOOKMARK [3][-]{subsubsection.3.1.1}{west}{subsection.3.1}% 6
\BOOKMARK [4][-]{subsubsubsection.3.1.1.1}{West als Repo Verwalter}{subsubsection.3.1.1}% 7
\BOOKMARK [4][-]{subsubsubsection.3.1.1.2}{West als Compiler}{subsubsection.3.1.1}% 8
\BOOKMARK [3][-]{subsubsection.3.1.2}{ninja}{subsection.3.1}% 9
\BOOKMARK [3][-]{subsubsection.3.1.3}{KConfig}{subsection.3.1}% 10
\BOOKMARK [3][-]{subsubsection.3.1.4}{Device Tree}{subsection.3.1}% 11
\BOOKMARK [3][-]{subsubsection.3.1.5}{Tinycrypt}{subsection.3.1}% 12
\BOOKMARK [2][-]{subsection.3.2}{Linux Pseudoterminal}{section.3}% 13
\BOOKMARK [2][-]{subsection.3.3}{Threads}{section.3}% 14
\BOOKMARK [2][-]{subsection.3.4}{Message-Queue}{section.3}% 15
\BOOKMARK [1][-]{section.4}{Programm Umsetzung}{}% 16
\BOOKMARK [2][-]{subsection.4.1}{Blockschaltbild}{section.4}% 17
\BOOKMARK [2][-]{subsection.4.2}{Projekt Konfiguration}{section.4}% 18
\BOOKMARK [2][-]{subsection.4.3}{Initialisierung}{section.4}% 19
\BOOKMARK [3][-]{subsubsection.4.3.1}{Message-Queue}{subsection.4.3}% 20
\BOOKMARK [3][-]{subsubsection.4.3.2}{UART\1370}{subsection.4.3}% 21
\BOOKMARK [3][-]{subsubsection.4.3.3}{Verschl\374sselung}{subsection.4.3}% 22
\BOOKMARK [3][-]{subsubsection.4.3.4}{Threads}{subsection.4.3}% 23
\BOOKMARK [2][-]{subsection.4.4}{UART-IN-Thread}{section.4}% 24
\BOOKMARK [2][-]{subsection.4.5}{UART-Out-Thread}{section.4}% 25
\BOOKMARK [2][-]{subsection.4.6}{Processing Thread}{section.4}% 26
\BOOKMARK [3][-]{subsubsection.4.6.1}{Entschl\374sselung}{subsection.4.6}% 27
\BOOKMARK [2][-]{subsection.4.7}{Test-Ausf\374hrung}{section.4}% 28
